Base path: /Applications/Unity4.6.1/Unity4.6.1.app/Contents
Pipe name: \\.\pipe\UnityShaderCompiler-2--1333014528
Cmd: getPlatforms
Cmd: compileSnippet
  api=0 type=0 insize=5770 outsize=507 kw=DIRECTIONAL SHADOWS_OFF LIGHTMAP_ON DIRLIGHTMAP_OFF ok=1
Cmd: compileSnippet
  api=0 type=0 insize=5770 outsize=611 kw=DIRECTIONAL SHADOWS_SCREEN LIGHTMAP_ON DIRLIGHTMAP_OFF ok=1
Cmd: compileSnippet
  api=0 type=0 insize=5770 outsize=1764 kw=DIRECTIONAL SHADOWS_SCREEN LIGHTMAP_OFF DIRLIGHTMAP_OFF VERTEXLIGHT_ON ok=1
Cmd: compileSnippet
  api=0 type=1 insize=5770 outsize=402 kw=DIRECTIONAL SHADOWS_OFF LIGHTMAP_ON DIRLIGHTMAP_OFF ok=1
Cmd: compileSnippet
  api=0 type=1 insize=5770 outsize=571 kw=DIRECTIONAL SHADOWS_SCREEN LIGHTMAP_ON DIRLIGHTMAP_OFF ok=1
Cmd: compileSnippet
  api=0 type=0 insize=3622 outsize=817 kw=POINT ok=1
Cmd: compileSnippet
  api=0 type=0 insize=3622 outsize=817 kw=POINT_COOKIE ok=1
Cmd: compileSnippet
  api=0 type=1 insize=3622 outsize=428 kw=DIRECTIONAL ok=1
Cmd: compileSnippet
  api=0 type=1 insize=3622 outsize=864 kw=SPOT ok=1
Cmd: compileSnippet
  api=0 type=1 insize=3622 outsize=496 kw=DIRECTIONAL_COOKIE ok=1
