Base path: /Applications/Unity4.6.1/Unity4.6.1.app/Contents
Pipe name: \\.\pipe\UnityShaderCompiler-1--1600130604
Cmd: getPlatforms
Cmd: compileSnippet
  api=0 type=0 insize=5770 outsize=990 kw=DIRECTIONAL SHADOWS_OFF LIGHTMAP_OFF DIRLIGHTMAP_OFF ok=1
Cmd: compileSnippet
  api=0 type=0 insize=5770 outsize=1105 kw=DIRECTIONAL SHADOWS_SCREEN LIGHTMAP_OFF DIRLIGHTMAP_OFF ok=1
Cmd: compileSnippet
  api=0 type=0 insize=5770 outsize=1637 kw=DIRECTIONAL SHADOWS_OFF LIGHTMAP_OFF DIRLIGHTMAP_OFF VERTEXLIGHT_ON ok=1
Cmd: compileSnippet
  api=0 type=1 insize=5770 outsize=540 kw=DIRECTIONAL SHADOWS_OFF LIGHTMAP_OFF DIRLIGHTMAP_OFF ok=1
Cmd: compileSnippet
  api=0 type=1 insize=5770 outsize=625 kw=DIRECTIONAL SHADOWS_SCREEN LIGHTMAP_OFF DIRLIGHTMAP_OFF ok=1
Cmd: compileSnippet
  api=0 type=0 insize=3622 outsize=560 kw=DIRECTIONAL ok=1
Cmd: compileSnippet
  api=0 type=0 insize=3622 outsize=854 kw=SPOT ok=1
Cmd: compileSnippet
  api=0 type=0 insize=3622 outsize=775 kw=DIRECTIONAL_COOKIE ok=1
Cmd: compileSnippet
  api=0 type=1 insize=3622 outsize=666 kw=POINT ok=1
Cmd: compileSnippet
  api=0 type=1 insize=3622 outsize=734 kw=POINT_COOKIE ok=1
Cmd: compileSnippet
  api=0 type=0 insize=889 outsize=635 kw= ok=1
Cmd: compileSnippet
  api=0 type=1 insize=889 outsize=84 kw= ok=1
Cmd: compileSnippet
  api=0 type=0 insize=986 outsize=397 kw= ok=1
Cmd: compileSnippet
  api=0 type=1 insize=986 outsize=228 kw= ok=1
Cmd: compileSnippet
  api=0 type=0 insize=1203 outsize=441 kw= ok=1
Cmd: compileSnippet
  api=0 type=1 insize=1203 outsize=344 kw= ok=1
Cmd: compileSnippet
  api=0 type=0 insize=1322 outsize=441 kw= ok=1
Cmd: compileSnippet
  api=0 type=1 insize=1322 outsize=585 kw= ok=1
Cmd: compileSnippet
  api=0 type=0 insize=1274 outsize=441 kw= ok=1
Cmd: compileSnippet
  api=0 type=1 insize=1274 outsize=328 kw= ok=1
Cmd: compileSnippet
  api=0 type=0 insize=1260 outsize=441 kw= ok=1
Cmd: compileSnippet
  api=0 type=1 insize=1260 outsize=307 kw= ok=1
Cmd: compileSnippet
  api=0 type=0 insize=949 outsize=397 kw= ok=1
Cmd: compileSnippet
  api=0 type=1 insize=949 outsize=193 kw= ok=1
Cmd: compileSnippet
  api=0 type=0 insize=1260 outsize=441 kw= ok=1
Cmd: compileSnippet
  api=0 type=1 insize=1260 outsize=549 kw= ok=1
Cmd: compileSnippet
  api=0 type=0 insize=1282 outsize=441 kw= ok=1
Cmd: compileSnippet
  api=0 type=1 insize=1282 outsize=316 kw= ok=1
Cmd: compileSnippet
  api=0 type=0 insize=1222 outsize=441 kw= ok=1
Cmd: compileSnippet
  api=0 type=1 insize=1222 outsize=365 kw= ok=1
Cmd: compileSnippet
  api=0 type=0 insize=1218 outsize=441 kw= ok=1
Cmd: compileSnippet
  api=0 type=1 insize=1218 outsize=365 kw= ok=1
Cmd: compileSnippet
  api=0 type=0 insize=1277 outsize=441 kw= ok=1
Cmd: compileSnippet
  api=0 type=1 insize=1277 outsize=279 kw= ok=1
Cmd: compileSnippet
  api=0 type=0 insize=1333 outsize=441 kw= ok=1
Cmd: compileSnippet
  api=0 type=1 insize=1333 outsize=328 kw= ok=1
Cmd: compileSnippet
  api=0 type=0 insize=956 outsize=397 kw= ok=1
Cmd: compileSnippet
  api=0 type=1 insize=956 outsize=143 kw= ok=1
Cmd: compileSnippet
  api=0 type=0 insize=942 outsize=360 kw= ok=1
Cmd: compileSnippet
  api=0 type=1 insize=942 outsize=143 kw= ok=1
Cmd: compileSnippet
  api=0 type=0 insize=1051 outsize=360 kw= ok=1
Cmd: compileSnippet
  api=0 type=1 insize=1051 outsize=429 kw= ok=1
Cmd: compileSnippet
  api=0 type=0 insize=1041 outsize=397 kw= ok=1
Cmd: compileSnippet
  api=0 type=1 insize=1041 outsize=299 kw= ok=1
